Build started 23.09.2015 13:44:37.
     1>Project "C:\Study\Compiler\GirlsHeapCompiler\Compiler\Compiler\Compiler.vcxproj" on node 2 (Build target(s)).
     1>FlexTarget:
         Process "tokens.l" flex file
         cmd.exe /C "C:\Users\Alenka\AppData\Local\Temp\tmp99b70c4ad86e430788ac0e7f8fbcfb64.cmd"
         
         start /B /WAIT /D "C:\Study\Compiler\GirlsHeapCompiler\Compiler\Compiler\" win_flex.exe --outfile="tokens.flex.cpp" --wincompat  "tokens.l"
         exit /b %errorlevel%
       ClCompile:
         C:\Program Files (x86)\Microsoft Visual Studio 14.0\VC\bin\CL.exe /c /ZI /nologo /W3 /WX- /sdl /Od /Oy- /D _MBCS /Gm /EHsc /RTC1 /MDd /GS /fp:precise /Zc:wchar_t /Zc:forScope /Zc:inline /Fo"Debug\\" /Fd"Debug\vc140.pdb" /Gd /TP /analyze- /errorReport:prompt tokens.flex.cpp
         tokens.flex.cpp
     1>c:\program files (x86)\microsoft visual studio 14.0\vc\include\stdint.h(48): warning C4005: 'INT8_MIN': macro redefinition
         c:\study\compiler\girlsheapcompiler\compiler\compiler\tokens.flex.cpp(60): note: see previous definition of 'INT8_MIN'
     1>c:\program files (x86)\microsoft visual studio 14.0\vc\include\stdint.h(49): warning C4005: 'INT16_MIN': macro redefinition
         c:\study\compiler\girlsheapcompiler\compiler\compiler\tokens.flex.cpp(63): note: see previous definition of 'INT16_MIN'
     1>c:\program files (x86)\microsoft visual studio 14.0\vc\include\stdint.h(50): warning C4005: 'INT32_MIN': macro redefinition
         c:\study\compiler\girlsheapcompiler\compiler\compiler\tokens.flex.cpp(66): note: see previous definition of 'INT32_MIN'
     1>c:\program files (x86)\microsoft visual studio 14.0\vc\include\stdint.h(52): warning C4005: 'INT8_MAX': macro redefinition
         c:\study\compiler\girlsheapcompiler\compiler\compiler\tokens.flex.cpp(69): note: see previous definition of 'INT8_MAX'
     1>c:\program files (x86)\microsoft visual studio 14.0\vc\include\stdint.h(53): warning C4005: 'INT16_MAX': macro redefinition
         c:\study\compiler\girlsheapcompiler\compiler\compiler\tokens.flex.cpp(72): note: see previous definition of 'INT16_MAX'
     1>c:\program files (x86)\microsoft visual studio 14.0\vc\include\stdint.h(54): warning C4005: 'INT32_MAX': macro redefinition
         c:\study\compiler\girlsheapcompiler\compiler\compiler\tokens.flex.cpp(75): note: see previous definition of 'INT32_MAX'
     1>c:\program files (x86)\microsoft visual studio 14.0\vc\include\stdint.h(56): warning C4005: 'UINT8_MAX': macro redefinition
         c:\study\compiler\girlsheapcompiler\compiler\compiler\tokens.flex.cpp(78): note: see previous definition of 'UINT8_MAX'
     1>c:\program files (x86)\microsoft visual studio 14.0\vc\include\stdint.h(57): warning C4005: 'UINT16_MAX': macro redefinition
         c:\study\compiler\girlsheapcompiler\compiler\compiler\tokens.flex.cpp(81): note: see previous definition of 'UINT16_MAX'
     1>c:\program files (x86)\microsoft visual studio 14.0\vc\include\stdint.h(58): warning C4005: 'UINT32_MAX': macro redefinition
         c:\study\compiler\girlsheapcompiler\compiler\compiler\tokens.flex.cpp(84): note: see previous definition of 'UINT32_MAX'
       Link:
         C:\Program Files (x86)\Microsoft Visual Studio 14.0\VC\bin\link.exe /ERRORREPORT:PROMPT /OUT:"C:\Study\Compiler\GirlsHeapCompiler\Compiler\Compiler\Debug\Compiler.exe" /INCREMENTAL /NOLOGO kernel32.lib user32.lib gdi32.lib winspool.lib comdlg32.lib advapi32.lib shell32.lib ole32.lib oleaut32.lib uuid.lib odbc32.lib odbccp32.lib /MANIFEST /MANIFESTUAC:"level='asInvoker' uiAccess='false'" /manifest:embed /Debug /PDB:"C:\Study\Compiler\GirlsHeapCompiler\Compiler\Compiler\Debug\Compiler.pdb" /TLBID:1 /DYNAMICBASE /NXCOMPAT /IMPLIB:"C:\Study\Compiler\GirlsHeapCompiler\Compiler\Compiler\Debug\Compiler.lib" /MACHINE:X86 Debug\main.obj
         Debug\tokens.flex.obj
         Compiler.vcxproj -> C:\Study\Compiler\GirlsHeapCompiler\Compiler\Compiler\Debug\Compiler.exe
     1>Done Building Project "C:\Study\Compiler\GirlsHeapCompiler\Compiler\Compiler\Compiler.vcxproj" (Build target(s)).

Build succeeded.

Time Elapsed 00:00:01.31
